<?xml version="1.0" encoding="UTF-8"?>
<testsuite name="ru.netology.PostmanEchoTest" tests="1" skipped="0" failures="0" errors="0" timestamp="2021-01-19T05:23:35" hostname="DESKTOP-3IN2VUS" time="3.907">
  <properties/>
  <testcase name="shouldReturnPostBody()" classname="ru.netology.PostmanEchoTest" time="3.907"/>
  <system-out><![CDATA[]]></system-out>
  <system-err><![CDATA[]]></system-err>
</testsuite>
